2024-06-06 15:14:07,415 - Prediction Result:
YOUR DATA:
   MP   FG%   3P%   FT% TRB  ... Result_enc Point_Diff rebounds_assists_ratio pts_reb+ast_ratio 3pa_fga_ratio
0  30  0.52  0.37  0.76   5  ...          0       7.50                   0.31              1.57          0.79

[1 rows x 17 columns]

NEXT GAME:
Prediction: Above Line


2024-06-06 16:52:11,277 - Prediction Result:
YOUR DATA:
   Point_Diff Result_enc LOC_encoded Opp_encoded  MP  FG%  3P%  FT%  TRB   AST  STL  BLK  TOV  rebounds_assists_ratio  pts_reb+ast_ratio  3pa_fga_ratio   PTS above_line
0           6          0           1           1  30 0.48 0.35 0.79 3.67 11.67 1.00 0.67 2.83                    0.31               1.68           0.30 24.00          0

NEXT GAME:
Prediction: Above Line


2024-06-06 16:54:14,074 - Prediction Result:
YOUR DATA:
   Point_Diff Result_enc LOC_encoded Opp_encoded  MP  FG%  3P%  FT%  TRB   AST  STL  BLK  TOV  rebounds_assists_ratio  pts_reb+ast_ratio  3pa_fga_ratio   PTS
0           6          0           1           1  30 0.48 0.35 0.79 3.67 11.67 1.00 0.67 2.83                    0.31               1.68           0.30 24.00

NEXT GAME:
Prediction: Above Line


2024-06-06 16:56:09,070 - Prediction Result:
YOUR DATA:
   Point_Diff Result_enc LOC_encoded Opp_encoded  MP  FG%  3P%  FT%  TRB   AST  STL  BLK  TOV  rebounds_assists_ratio  pts_reb+ast_ratio  3pa_fga_ratio   PTS
0           6          0           0           1  30 0.48 0.35 0.79 3.67 11.67 1.00 0.67 2.83                    0.31               1.68           0.30 24.00

NEXT GAME:
Prediction: Above Line


2024-06-06 16:56:40,320 - Prediction Result:
YOUR DATA:
   Point_Diff Result_enc LOC_encoded Opp_encoded  MP  FG%  3P%  FT%  TRB   AST  STL  BLK  TOV  rebounds_assists_ratio  pts_reb+ast_ratio  3pa_fga_ratio   PTS
0           6          0           0           1  30 0.48 0.35 0.79 3.67 11.67 1.00 0.67 2.83                    0.31               1.68           0.30  18.5

NEXT GAME:
Prediction: Above Line


2024-06-06 16:57:24,521 - Prediction Result:
YOUR DATA:
   Point_Diff Result_enc LOC_encoded Opp_encoded  MP  FG%  3P%  FT%  TRB   AST  STL  BLK  TOV  rebounds_assists_ratio  pts_reb+ast_ratio  3pa_fga_ratio   PTS
0           6          0           0           1  30 0.48 0.35 0.79 3.67 11.67 1.00 0.67 2.83                    0.31               1.68           0.30  18.5

NEXT GAME:
Prediction: Above Line


2024-06-06 16:57:59,869 - Prediction Result:
YOUR DATA:
   Point_Diff Result_enc LOC_encoded Opp_encoded  MP  FG%  3P%  FT%  TRB   AST  STL  BLK  TOV  rebounds_assists_ratio  pts_reb+ast_ratio  3pa_fga_ratio   PTS
0           6          0           0           1  30 0.48 0.35 0.79 3.67 11.67 1.00 0.67 2.83                    0.31               1.68           0.30 24.00

NEXT GAME:
Prediction: Above Line


2024-06-06 16:59:18,758 - Prediction Result:
YOUR DATA:
   Point_Diff Result_enc LOC_encoded Opp_encoded  MP  FG%  3P%  ...  STL  BLK  TOV  rebounds_assists_ratio  pts_reb+ast_ratio  3pa_fga_ratio   PTS
0           9          0           1           1  30 0.48 0.35  ... 1.00 0.67 2.83                    0.31               1.68           0.30 24.00

[1 rows x 17 columns]

NEXT GAME:
Prediction: Above Line


2024-06-06 17:00:45,528 - Prediction Result:
YOUR DATA:
   Point_Diff Result_enc LOC_encoded Opp_encoded  MP  FG%  3P%  ...  STL  BLK  TOV  rebounds_assists_ratio  pts_reb+ast_ratio  3pa_fga_ratio   PTS
0           9          0           1           1  30 0.48 0.35  ... 1.00 0.67 2.83                    0.31               1.57           0.79  18.5

[1 rows x 17 columns]

NEXT GAME:
Prediction: Below Line


2024-06-06 17:26:06,268 - Prediction Result:
YOUR DATA:
   Point_Diff Result_enc LOC_encoded Opp_encoded    MP  FG%  3P%  ...  STL  BLK  TOV  rebounds_assists_ratio  pts_reb+ast_ratio  3pa_fga_ratio  PTS
0       -5.50          1           0           4 33.68 0.46 0.27  ... 0.83 1.83 1.00                    4.55               1.30           2.50  6.5

[1 rows x 17 columns]

NEXT GAME:
Prediction: Below Line


2024-06-06 17:27:35,226 - Prediction Result:
YOUR DATA:
   Point_Diff Result_enc LOC_encoded Opp_encoded    MP  FG%  3P%  ...  STL  BLK  TOV  rebounds_assists_ratio  pts_reb+ast_ratio  3pa_fga_ratio  PTS
0       -5.50          1           0           4 33.68 0.46 0.27  ... 0.83 1.83 1.00                    4.55               1.30           2.50  6.5

[1 rows x 17 columns]

NEXT GAME:
Prediction: Below Line


2024-06-06 17:30:13,765 - Prediction Result:
YOUR DATA:
   Point_Diff Result_enc LOC_encoded Opp_encoded   MP  FG%  3P%  ...  STL  BLK  TOV  rebounds_assists_ratio  pts_reb+ast_ratio  3pa_fga_ratio  PTS
0       -5.50          1           0           4  5.5  1.5  0.5  ... 0.83 1.83 1.00                    4.55               1.30           2.50  6.5

[1 rows x 17 columns]

NEXT GAME:
Prediction: Above Line


2024-06-06 17:34:23,454 - Prediction Result:
YOUR DATA:
   Point_Diff Result_enc LOC_encoded Opp_encoded   MP  FG%  3P%  ...  STL  BLK  TOV  rebounds_assists_ratio  pts_reb+ast_ratio  3pa_fga_ratio  PTS
0       -5.50          1           0           4  5.5  1.5  0.5  ... 0.83 1.83 1.00                    4.55               1.30           2.50  6.5

[1 rows x 17 columns]

NEXT GAME:
Prediction: Above Line


