2024-06-09 14:16:38,263 - Prediction Result:
YOUR DATA:
  Point_Diff Result_enc LOC_encoded Opp_encoded    MP  FG%  3P%  ...   PTS  rolling_std_pts  rolling_std_ast rolling_std_trb z_score_pts z_score_ast  z_score_trb
0        6.5          0           0           1 32.20 0.48 0.35  ... 18.50             5.81             2.35            1.79       -0.22        0.21         0.17

[1 rows x 23 columns]

NEXT GAME:
Prediction: Above Line


2024-06-09 14:18:47,569 - Prediction Result:
YOUR DATA:
  Point_Diff Result_enc LOC_encoded Opp_encoded    MP  FG%  3P%  ...   PTS  rolling_std_pts  rolling_std_ast rolling_std_trb z_score_pts z_score_ast  z_score_trb
0        8.5          0           0           1 32.20 0.48 0.35  ... 18.50             5.81             2.35            1.79       -0.22        0.64         0.17

[1 rows x 23 columns]

NEXT GAME:
Prediction: Above Line


2024-06-09 14:38:27,838 - Prediction Result:
YOUR DATA:
  Point_Diff Result_enc LOC_encoded Opp_encoded    MP  FG%  ...  rolling_std_pts  rolling_std_ast  rolling_std_trb  z_score_pts z_score_ast z_score_trb
0        7.0          0           0           1 22.82 0.81  ...             3.94             1.30             2.83        -0.13       -0.23       -0.88

[1 rows x 23 columns]

NEXT GAME:
Prediction: Below Line


2024-06-09 16:11:29,190 - Prediction Result:
YOUR DATA:
  Point_Diff Result_enc LOC_encoded Opp_encoded    MP  FG%  ...  rolling_std_pts  rolling_std_ast  rolling_std_trb  z_score_pts z_score_ast z_score_trb
0        7.0          0           0           1 22.82 0.81  ...             3.94             1.30             2.83        -0.13       -0.23       -0.88

[1 rows x 23 columns]

NEXT GAME:
Prediction: Below Line


2024-06-09 16:12:41,672 - Prediction Result:
YOUR DATA:
  Point_Diff Result_enc LOC_encoded Opp_encoded    MP  FG%  ...  rolling_std_pts  rolling_std_ast  rolling_std_trb  z_score_pts z_score_ast z_score_trb
0       -7.0          0           0           1 22.82 0.81  ...             3.94             1.30             2.83        -0.13       -0.23       -0.88

[1 rows x 23 columns]

NEXT GAME:
Prediction: Below Line


2024-06-09 16:12:47,400 - Prediction Result:
YOUR DATA:
  Point_Diff Result_enc LOC_encoded Opp_encoded    MP  FG%  ...  rolling_std_pts  rolling_std_ast  rolling_std_trb  z_score_pts z_score_ast z_score_trb
0       17.0          0           0           1 22.82 0.81  ...             3.94             1.30             2.83        -0.13       -0.23       -0.88

[1 rows x 23 columns]

NEXT GAME:
Prediction: Below Line


2024-06-09 16:12:55,066 - Prediction Result:
YOUR DATA:
  Point_Diff Result_enc LOC_encoded Opp_encoded    MP  FG%  ...  rolling_std_pts  rolling_std_ast  rolling_std_trb  z_score_pts z_score_ast z_score_trb
0      900.0          0           0           1 22.82 0.81  ...             3.94             1.30             2.83        -0.13       -0.23       -0.88

[1 rows x 23 columns]

NEXT GAME:
Prediction: Below Line


2024-06-09 16:13:02,257 - Prediction Result:
YOUR DATA:
  Point_Diff Result_enc LOC_encoded Opp_encoded    MP  FG%  ...  rolling_std_pts  rolling_std_ast  rolling_std_trb  z_score_pts z_score_ast z_score_trb
0        7.0          0           0           1 22.82 0.81  ...             3.94             1.30             2.83        -0.13       -0.23       -0.88

[1 rows x 23 columns]

NEXT GAME:
Prediction: Below Line


2024-06-09 16:13:51,756 - Prediction Result:
YOUR DATA:
  Point_Diff Result_enc LOC_encoded Opp_encoded    MP  FG%  ...  rolling_std_pts  rolling_std_ast  rolling_std_trb  z_score_pts z_score_ast z_score_trb
0        7.0          0           0           1 22.82 0.81  ...             3.94             1.30             2.83        -0.13       -0.23       -0.88

[1 rows x 23 columns]

NEXT GAME:
Prediction: Below Line


2024-06-09 16:21:03,979 - Prediction Result:
YOUR DATA:
  Point_Diff Result_enc LOC_encoded Opp_encoded    MP  FG%  ...  rolling_std_pts  rolling_std_ast  rolling_std_trb  z_score_pts z_score_ast z_score_trb
0       -7.0          1           1           4 33.98 0.49  ...             3.49             1.14             2.30         0.77       -0.09       -0.04

[1 rows x 23 columns]

NEXT GAME:
Prediction: Below Line


2024-06-09 16:29:47,348 - Prediction Result:
YOUR DATA:
  Point_Diff Result_enc LOC_encoded Opp_encoded    MP  FG%  ...  rolling_std_pts  rolling_std_ast  rolling_std_trb  z_score_pts z_score_ast z_score_trb
0       -7.0          1           1           4 36.35 0.55  ...             8.65             1.87             2.70        -0.10        1.87       -1.81

[1 rows x 23 columns]

NEXT GAME:
Prediction: Below Line


